<?xml version="1.0" encoding="UTF-8"?>
<!-- Generated by org.testng.reporters.JUnitXMLReporter -->
<testsuite ignored="10" hostname="DESKTOP-3O1JLKM" failures="0" tests="6" name="Test" time="0.128" errors="0" timestamp="2022-08-17T15:00:58 IST">
  <testcase classname="org.smokeandregressionpractice.RegionalRegressionExecution" name="accountDeleted" time="0.016"/>
  <testcase classname="org.smokeandregressionpractice.RegionalRegressionExecution" name="createAccount" time="0.003"/>
  <testcase classname="regionregressionpractice.RegionalRegression2" name="accountDeleted2" time="0.002"/>
  <testcase classname="regionregressionpractice.RegionalRegression2" name="createAccount2" time="0.003"/>
  <testcase classname="org.smokeandregressionpractice.GroupExecutionPractice" name="accountDeleted" time="0.003"/>
  <testcase classname="org.smokeandregressionpractice.GroupExecutionPractice" name="createAccount" time="0.002"/>
  <testcase classname="org.smokeandregressionpractice.RegionalRegressionExecution" name="createNomineeAccount" time="0.0">
    <ignored/>
  </testcase> <!-- createNomineeAccount -->
  <testcase classname="regionregressionpractice.RegionalRegression2" name="createNomineeAccount2" time="0.0">
    <ignored/>
  </testcase> <!-- createNomineeAccount2 -->
  <testcase classname="regionregressionpractice.RegionalRegression2" name="accountEdit2" time="0.0">
    <ignored/>
  </testcase> <!-- accountEdit2 -->
  <testcase classname="org.smokeandregressionpractice.GroupExecutionPractice" name="accountEdit" time="0.0">
    <ignored/>
  </testcase> <!-- accountEdit -->
  <testcase classname="org.smokeandregressionpractice.RegionalRegressionExecution" name="accountEdit" time="0.0">
    <ignored/>
  </testcase> <!-- accountEdit -->
  <testcase classname="org.smokeandregressionpractice.GroupExecutionPractice" name="createNomineeAccount" time="0.0">
    <ignored/>
  </testcase> <!-- createNomineeAccount -->
  <testcase classname="utilities.BaseClass" name="@BeforeSuite connectDB" time="0.0">
    <ignored/>
  </testcase> <!-- @BeforeSuite connectDB -->
  <testcase classname="utilities.BaseClass" name="@BeforeSuite connectDB" time="0.0">
    <ignored/>
  </testcase> <!-- @BeforeSuite connectDB -->
  <testcase classname="utilities.BaseClass" name="@AfterSuite disconnectFromDB" time="0.0">
    <ignored/>
  </testcase> <!-- @AfterSuite disconnectFromDB -->
  <testcase classname="utilities.BaseClass" name="@AfterSuite disconnectFromDB" time="0.0">
    <ignored/>
  </testcase> <!-- @AfterSuite disconnectFromDB -->
</testsuite> <!-- Test -->
