<?xml version="1.0" encoding="UTF-8"?>
<!-- Generated by org.testng.reporters.JUnitXMLReporter -->
<testsuite ignored="7" hostname="DESKTOP-3O1JLKM" failures="0" tests="3" name="Test" time="0.092" errors="0" timestamp="2022-08-17T16:03:34 IST">
  <testcase classname="org.smokeandregressionpractice.RegionalRegressionExecution" name="accountEdit" time="0.014"/>
  <testcase classname="regionregressionpractice.RegionalRegression2" name="createNomineeAccount2" time="0.003"/>
  <testcase classname="regionregressionpractice.RegionalRegression2" name="createAccount2" time="0.003"/>
  <testcase classname="org.smokeandregressionpractice.RegionalRegressionExecution" name="createNomineeAccount" time="0.0">
    <ignored/>
  </testcase> <!-- createNomineeAccount -->
  <testcase classname="org.smokeandregressionpractice.RegionalRegressionExecution" name="createAccount" time="0.0">
    <ignored/>
  </testcase> <!-- createAccount -->
  <testcase classname="regionregressionpractice.RegionalRegression2" name="accountDeleted2" time="0.0">
    <ignored/>
  </testcase> <!-- accountDeleted2 -->
  <testcase classname="regionregressionpractice.RegionalRegression2" name="accountEdit2" time="0.0">
    <ignored/>
  </testcase> <!-- accountEdit2 -->
  <testcase classname="org.smokeandregressionpractice.RegionalRegressionExecution" name="accountDeleted" time="0.0">
    <ignored/>
  </testcase> <!-- accountDeleted -->
  <testcase classname="utilities.BaseClass" name="@BeforeSuite connectDB" time="0.0">
    <ignored/>
  </testcase> <!-- @BeforeSuite connectDB -->
  <testcase classname="utilities.BaseClass" name="@AfterSuite disconnectFromDB" time="0.0">
    <ignored/>
  </testcase> <!-- @AfterSuite disconnectFromDB -->
</testsuite> <!-- Test -->
