<?xml version="1.0" encoding="UTF-8"?>
<!-- Generated by org.testng.reporters.JUnitXMLReporter -->
<testsuite ignored="0" hostname="DESKTOP-3O1JLKM" failures="0" tests="4" name="Default test" time="0.103" errors="0" timestamp="2022-08-17T13:08:49 IST">
  <testcase classname="org.smokeandregressionpractice.BatchExecutionPractice" name="accountDeleted" time="0.015"/>
  <testcase classname="org.smokeandregressionpractice.BatchExecutionPractice" name="accountEdit" time="0.006"/>
  <testcase classname="org.smokeandregressionpractice.BatchExecutionPractice" name="createAccount" time="0.003"/>
  <testcase classname="org.smokeandregressionpractice.BatchExecutionPractice" name="createNomineeAccount" time="0.003"/>
</testsuite> <!-- Default test -->
