<?xml version="1.0" encoding="UTF-8"?>
<!-- Generated by org.testng.reporters.JUnitXMLReporter -->
<testsuite ignored="2" hostname="DESKTOP-3O1JLKM" failures="0" tests="8" name="Test" time="0.156" errors="0" timestamp="2022-08-17T14:53:16 IST">
  <testcase classname="org.smokeandregressionpractice.RegionalRegressionExecution" name="accountDeleted" time="0.017"/>
  <testcase classname="org.smokeandregressionpractice.RegionalRegressionExecution" name="accountEdit" time="0.006"/>
  <testcase classname="org.smokeandregressionpractice.RegionalRegressionExecution" name="createAccount" time="0.004"/>
  <testcase classname="org.smokeandregressionpractice.RegionalRegressionExecution" name="createNomineeAccount" time="0.004"/>
  <testcase classname="org.smokeandregressionpractice.GroupExecutionPractice" name="accountDeleted" time="0.003"/>
  <testcase classname="org.smokeandregressionpractice.GroupExecutionPractice" name="accountEdit" time="0.003"/>
  <testcase classname="org.smokeandregressionpractice.GroupExecutionPractice" name="createAccount" time="0.004"/>
  <testcase classname="org.smokeandregressionpractice.GroupExecutionPractice" name="createNomineeAccount" time="0.002"/>
  <testcase classname="utilities.BaseClass" name="@BeforeSuite connectDB" time="0.0">
    <ignored/>
  </testcase> <!-- @BeforeSuite connectDB -->
  <testcase classname="utilities.BaseClass" name="@AfterSuite disconnectFromDB" time="0.0">
    <ignored/>
  </testcase> <!-- @AfterSuite disconnectFromDB -->
</testsuite> <!-- Test -->
